<?xml version="1.0" encoding="UTF-8"?>
<!-- Generated by org.testng.reporters.JUnitXMLReporter -->
<testsuite ignored="2" hostname="DESKTOP-DAL8TCK" failures="0" tests="3" name="DefaultTest" time="0.039" errors="0" timestamp="2025-08-04T09:07:18 IST">
  <testcase classname="com.WebTesting.TestNG.Basics.TestDemo4_disableTest" name="registerTest" time="0.006"/>
  <testcase classname="com.WebTesting.TestNG.Basics.TestDemo4_disableTest" name="loginTest" time="0.001"/>
  <testcase classname="com.WebTesting.TestNG.Basics.TestDemo4_disableTest" name="addTocartTest" time="0.0"/>
  <testcase classname="com.WebTesting.TestNG.Basics.TestDemo4_disableTest" name="searchTest" time="0.0">
    <ignored/>
  </testcase> <!-- searchTest -->
  <testcase classname="com.WebTesting.TestNG.Basics.TestDemo4_disableTest" name="logoutTest" time="0.0">
    <ignored/>
  </testcase> <!-- logoutTest -->
</testsuite> <!-- DefaultTest -->
