<?xml version="1.0" encoding="UTF-8"?>
<!-- Generated by org.testng.reporters.JUnitXMLReporter -->
<testsuite ignored="1" hostname="DESKTOP-DAL8TCK" failures="0" tests="4" name="Test" time="0.041" errors="0" timestamp="2025-07-30T19:55:40 IST">
  <testcase classname="com.WebTesting.TestNG.Basics.TestDemo4_disableTest" name="registerTest" time="0.006"/>
  <testcase classname="com.WebTesting.TestNG.Basics.TestDemo4_disableTest" name="loginTest" time="0.001"/>
  <testcase classname="com.WebTesting.TestNG.Basics.TestDemo4_disableTest" name="searchTest" time="0.001"/>
  <testcase classname="com.WebTesting.TestNG.Basics.TestDemo4_disableTest" name="addTocartTest" time="0.0"/>
  <testcase classname="com.WebTesting.TestNG.Basics.TestDemo4_disableTest" name="logoutTest" time="0.0">
    <ignored/>
  </testcase> <!-- logoutTest -->
</testsuite> <!-- Test -->
