<?xml version="1.0" encoding="UTF-8"?>
<!-- Generated by org.testng.reporters.JUnitXMLReporter -->
<testsuite ignored="1" hostname="DESKTOP-DAL8TCK" failures="0" tests="1" name="Default test" time="2.0" errors="0" timestamp="2025-08-11T15:52:39 IST">
  <testcase classname="com.WebTesting.TestNG.TestData.TestDataReadingUsingPropertiesFile2" name="testLoginWithUtility" time="1.979"/>
  <testcase classname="com.WebTesting.TestNG.TestData.TestDataReadingUsingPropertiesFile2" name="testLoginWithoutUtility" time="0.0">
    <ignored/>
  </testcase> <!-- testLoginWithoutUtility -->
</testsuite> <!-- Default test -->
