<?xml version="1.0" encoding="UTF-8"?>
<!-- Generated by org.testng.reporters.JUnitXMLReporter -->
<testsuite ignored="0" hostname="DESKTOP-DAL8TCK" failures="0" tests="3" name="Default test" time="0.039" errors="0" timestamp="2025-08-06T14:52:46 IST">
  <testcase classname="com.WebTesting.TestNG.Annotations.AnnotationTest1" name="testCase1" time="0.004"/>
  <testcase classname="com.WebTesting.TestNG.Annotations.AnnotationTest1" name="testCase2" time="0.001"/>
  <testcase classname="com.WebTesting.TestNG.Annotations.AnnotationTest1" name="testCase3" time="0.001"/>
</testsuite> <!-- Default test -->
