<?xml version="1.0" encoding="UTF-8"?>
<!-- Generated by org.testng.reporters.JUnitXMLReporter -->
<testsuite ignored="4" hostname="DESKTOP-DAL8TCK" failures="0" tests="5" name="Test3" time="0.009" errors="0" timestamp="2025-08-06T21:16:13 IST">
  <testcase classname="com.WebTesting.TestNG.Annotations.ClassA" name="testCase1" time="0.0"/>
  <testcase classname="com.WebTesting.TestNG.Annotations.ClassA" name="testCase2" time="0.001"/>
  <testcase classname="com.WebTesting.TestNG.Annotations.ClassB" name="testCase1" time="0.001"/>
  <testcase classname="com.WebTesting.TestNG.Annotations.ClassB" name="testCase2" time="0.0"/>
  <testcase classname="com.WebTesting.TestNG.Annotations.ClassB" name="testCase3" time="0.0"/>
  <testcase classname="com.WebTesting.TestNG.Annotations.BaseTest" name="@BeforeTest setUp" time="0.0">
    <ignored/>
  </testcase> <!-- @BeforeTest setUp -->
  <testcase classname="com.WebTesting.TestNG.Annotations.BaseTest" name="@AfterTest tearDown" time="0.0">
    <ignored/>
  </testcase> <!-- @AfterTest tearDown -->
  <testcase classname="com.WebTesting.TestNG.Annotations.BaseTest" name="@AfterSuite projReports" time="0.0">
    <ignored/>
  </testcase> <!-- @AfterSuite projReports -->
  <testcase classname="com.WebTesting.TestNG.Annotations.BaseTest" name="@BeforeSuite projConfig" time="0.0">
    <ignored/>
  </testcase> <!-- @BeforeSuite projConfig -->
</testsuite> <!-- Test3 -->
