<?xml version="1.0" encoding="UTF-8"?>
<!-- Generated by org.testng.reporters.JUnitXMLReporter -->
<testsuite ignored="0" hostname="DESKTOP-DAL8TCK" failures="0" tests="3" name="Test2" time="0.006" errors="0" timestamp="2025-08-06T21:16:13 IST">
  <testcase classname="com.WebTesting.TestNG.Annotations.ClassB" name="testCase1" time="0.001"/>
  <testcase classname="com.WebTesting.TestNG.Annotations.ClassB" name="testCase2" time="0.001"/>
  <testcase classname="com.WebTesting.TestNG.Annotations.ClassB" name="testCase3" time="0.001"/>
</testsuite> <!-- Test2 -->
