<?xml version="1.0" encoding="UTF-8"?>
<!-- Generated by org.testng.reporters.JUnitXMLReporter -->
<testsuite ignored="2" hostname="DESKTOP-DAL8TCK" failures="4" tests="30" name="Test" time="54.125" errors="0" timestamp="2025-08-06T14:50:17 IST">
  <testcase classname="com.WebTesting.TestNG.Basics.TestDemo8_dependsOnMethod" name="registerTest" time="0.006"/>
  <testcase classname="com.WebTesting.TestNG.Basics.TestDemo8_dependsOnMethod" name="loginTest" time="0.005">
    <failure type="java.lang.AssertionError" message="Fail as values are not equal expected [true] but found [false]">
      <![CDATA[java.lang.AssertionError: Fail as values are not equal expected [true] but found [false]
at com.WebTesting.TestNG.Basics.TestDemo8_dependsOnMethod.loginTest(TestDemo8_dependsOnMethod.java:21)
at java.base/java.util.ArrayList.forEach(ArrayList.java:1596)
... Removed 31 stack frames]]>
    </failure>
  </testcase> <!-- loginTest -->
  <testcase classname="com.WebTesting.TestNG.Basics.TestDemo8_dependsOnMethod" name="logoutTest" time="0.001">
    <skipped/>
  </testcase> <!-- logoutTest -->
  <testcase classname="com.WebTesting.TestNG.Basics.TestDemo9_Groups" name="testCase1" time="0.001"/>
  <testcase classname="com.WebTesting.TestNG.Basics.TestDemo9_Groups" name="testCase2" time="0.001"/>
  <testcase classname="com.WebTesting.TestNG.Basics.TestDemo9_Groups" name="testCase3" time="0.001"/>
  <testcase classname="com.WebTesting.TestNG.Basics.TestDemo9_Groups" name="testCase4" time="0.0"/>
  <testcase classname="com.WebTesting.TestNG.Basics.TestDemo9_Groups" name="testCase5" time="0.001"/>
  <testcase classname="com.WebTesting.TestNG.Basics.TestDemo9_Groups" name="testCase6" time="0.0"/>
  <testcase classname="com.WebTesting.TestNG.Basics.TestDemo9_Groups" name="testCase7" time="0.001"/>
  <testcase classname="com.WebTesting.TestNG.Basics.TestDemo1_TestCases" name="testCase1" time="0.0"/>
  <testcase classname="com.WebTesting.TestNG.Basics.TestDemo1_TestCases" name="testCase2" time="0.001"/>
  <testcase classname="com.WebTesting.TestNG.Basics.TestDemo5_Assertion" name="testSoftAssertion" time="0.004">
    <failure type="java.lang.AssertionError">
      <![CDATA[java.lang.AssertionError: 
at com.WebTesting.TestNG.Basics.TestDemo5_Assertion.testSoftAssertion(TestDemo5_Assertion.java:40)
at java.base/java.util.ArrayList.forEach(ArrayList.java:1596)
... Removed 28 stack frames]]>
    </failure>
  </testcase> <!-- testSoftAssertion -->
  <testcase classname="com.WebTesting.TestNG.Basics.TestDemo6_HRMLoginValidation" name="testLogin" time="32.87">
    <failure type="org.openqa.selenium.NoSuchElementException" message="no such element: Unable to locate element: {&amp;quot;method&amp;quot;:&amp;quot;css selector&amp;quot;,&amp;quot;selector&amp;quot;:&amp;quot;*[name=&amp;apos;username&amp;apos;]&amp;quot;}
  (Session info: chrome=138.0.7204.158)
For documentation on this error, please visit: https://www.selenium.dev/documentation/webdriver/troubleshooting/errors#no-such-element-exception
Build info: version: &amp;apos;4.34.0&amp;apos;, revision: &amp;apos;707dcb4246*&amp;apos;
System info: os.name: &amp;apos;Windows 10&amp;apos;, os.arch: &amp;apos;amd64&amp;apos;, os.version: &amp;apos;10.0&amp;apos;, java.version: &amp;apos;21.0.4&amp;apos;
Driver info: org.openqa.selenium.chrome.ChromeDriver
Command: [e22cfaf657f0ff4c9f5cea25c68776d6, findElement {using=name, value=username}]
Capabilities {acceptInsecureCerts: false, browserName: chrome, browserVersion: 138.0.7204.158, chrome: {chromedriverVersion: 138.0.7204.183 (e90faf484dd..., userDataDir: C:\Users\darsh\AppData\Loca...}, fedcm:accounts: true, goog:chromeOptions: {debuggerAddress: localhost:53089}, networkConnectionEnabled: false, pageLoadStrategy: normal, platformName: windows, proxy: Proxy(), se:cdp: ws://localhost:53089/devtoo..., se:cdpVersion: 138.0.7204.158, setWindowRect: true, strictFileInteractability: false, timeouts: {implicit: 0, pageLoad: 300000, script: 30000}, unhandledPromptBehavior: dismiss and notify, webauthn:extension:credBlob: true, webauthn:extension:largeBlob: true, webauthn:extension:minPinLength: true, webauthn:extension:prf: true, webauthn:virtualAuthenticators: true}
Session ID: e22cfaf657f0ff4c9f5cea25c68776d6">
      <![CDATA[org.openqa.selenium.NoSuchElementException: no such element: Unable to locate element: {"method":"css selector","selector":"*[name='username']"}
  (Session info: chrome=138.0.7204.158)
For documentation on this error, please visit: https://www.selenium.dev/documentation/webdriver/troubleshooting/errors#no-such-element-exception
Build info: version: '4.34.0', revision: '707dcb4246*'
System info: os.name: 'Windows 10', os.arch: 'amd64', os.version: '10.0', java.version: '21.0.4'
Driver info: org.openqa.selenium.chrome.ChromeDriver
Command: [e22cfaf657f0ff4c9f5cea25c68776d6, findElement {using=name, value=username}]
Capabilities {acceptInsecureCerts: false, browserName: chrome, browserVersion: 138.0.7204.158, chrome: {chromedriverVersion: 138.0.7204.183 (e90faf484dd..., userDataDir: C:\Users\darsh\AppData\Loca...}, fedcm:accounts: true, goog:chromeOptions: {debuggerAddress: localhost:53089}, networkConnectionEnabled: false, pageLoadStrategy: normal, platformName: windows, proxy: Proxy(), se:cdp: ws://localhost:53089/devtoo..., se:cdpVersion: 138.0.7204.158, setWindowRect: true, strictFileInteractability: false, timeouts: {implicit: 0, pageLoad: 300000, script: 30000}, unhandledPromptBehavior: dismiss and notify, webauthn:extension:credBlob: true, webauthn:extension:largeBlob: true, webauthn:extension:minPinLength: true, webauthn:extension:prf: true, webauthn:virtualAuthenticators: true}
Session ID: e22cfaf657f0ff4c9f5cea25c68776d6
at org.openqa.selenium.remote.ErrorCodec.decode(ErrorCodec.java:167)
at org.openqa.selenium.remote.codec.w3c.W3CHttpResponseCodec.decode(W3CHttpResponseCodec.java:138)
at org.openqa.selenium.remote.codec.w3c.W3CHttpResponseCodec.decode(W3CHttpResponseCodec.java:50)
at org.openqa.selenium.remote.HttpCommandExecutor.execute(HttpCommandExecutor.java:215)
at org.openqa.selenium.remote.service.DriverCommandExecutor.invokeExecute(DriverCommandExecutor.java:216)
at org.openqa.selenium.remote.service.DriverCommandExecutor.execute(DriverCommandExecutor.java:174)
at org.openqa.selenium.remote.RemoteWebDriver.execute(RemoteWebDriver.java:544)
at org.openqa.selenium.remote.ElementLocation$ElementFinder$2.findElement(ElementLocation.java:165)
at org.openqa.selenium.remote.ElementLocation.findElement(ElementLocation.java:66)
at org.openqa.selenium.remote.RemoteWebDriver.findElement(RemoteWebDriver.java:367)
at org.openqa.selenium.remote.RemoteWebDriver.findElement(RemoteWebDriver.java:361)
at com.WebTesting.TestNG.Basics.TestDemo6_HRMLoginValidation.testLogin(TestDemo6_HRMLoginValidation.java:23)
at java.base/java.util.ArrayList.forEach(ArrayList.java:1596)
... Removed 28 stack frames]]>
    </failure>
  </testcase> <!-- testLogin -->
  <testcase classname="com.WebTesting.TestNG.Basics.TestDemo2_priority" name="chromeTest" time="2.085"/>
  <testcase classname="com.WebTesting.TestNG.Basics.TestDemo2_priority" name="firefoxTest" time="3.374"/>
  <testcase classname="com.WebTesting.TestNG.Basics.TestDemo2_priority" name="edgeTest" time="5.692"/>
  <testcase classname="com.WebTesting.TestNG.Basics.TestDemo7_timeouts" name="testCase1" time="5.01"/>
  <testcase classname="com.WebTesting.TestNG.Basics.TestDemo7_timeouts" name="testCase2" time="5.013">
    <failure type="org.testng.internal.thread.ThreadTimeoutException" message="Method com.WebTesting.TestNG.Basics.TestDemo7_timeouts.testCase2() didn&amp;apos;t finish within the time-out 5000">
      <![CDATA[org.testng.internal.thread.ThreadTimeoutException: Method com.WebTesting.TestNG.Basics.TestDemo7_timeouts.testCase2() didn't finish within the time-out 5000
at java.base/java.lang.Thread.sleep0(Native Method)
at java.base/java.lang.Thread.sleep(Thread.java:509)
at com.WebTesting.TestNG.Basics.TestDemo7_timeouts.testCase2(TestDemo7_timeouts.java:21)
at java.base/java.util.concurrent.FutureTask.run(FutureTask.java:317)
at java.base/java.util.concurrent.ThreadPoolExecutor.runWorker(ThreadPoolExecutor.java:1144)
at java.base/java.util.concurrent.ThreadPoolExecutor$Worker.run(ThreadPoolExecutor.java:642)
at java.base/java.lang.Thread.run(Thread.java:1583)
... Removed 6 stack frames]]>
    </failure>
  </testcase> <!-- testCase2 -->
  <testcase classname="com.WebTesting.TestNG.Basics.TestDemo3_description_invocationCount" name="registerTest" time="0.001"/>
  <testcase classname="com.WebTesting.TestNG.Basics.TestDemo3_description_invocationCount" name="loginTest" time="0.001"/>
  <testcase classname="com.WebTesting.TestNG.Basics.TestDemo3_description_invocationCount" name="loginTest" time="0.001"/>
  <testcase classname="com.WebTesting.TestNG.Basics.TestDemo3_description_invocationCount" name="loginTest" time="0.0"/>
  <testcase classname="com.WebTesting.TestNG.Basics.TestDemo3_description_invocationCount" name="searchTest" time="0.0"/>
  <testcase classname="com.WebTesting.TestNG.Basics.TestDemo3_description_invocationCount" name="addTocartTest" time="0.0"/>
  <testcase classname="com.WebTesting.TestNG.Basics.TestDemo3_description_invocationCount" name="logoutTest" time="0.0"/>
  <testcase classname="com.WebTesting.TestNG.Basics.TestDemo4_disableTest" name="registerTest" time="0.0"/>
  <testcase classname="com.WebTesting.TestNG.Basics.TestDemo4_disableTest" name="loginTest" time="0.0"/>
  <testcase classname="com.WebTesting.TestNG.Basics.TestDemo4_disableTest" name="searchTest" time="0.001"/>
  <testcase classname="com.WebTesting.TestNG.Basics.TestDemo4_disableTest" name="addTocartTest" time="0.001"/>
  <testcase classname="com.WebTesting.TestNG.Basics.TestDemo5_Assertion" name="testHardAssertion" time="0.0">
    <ignored/>
  </testcase> <!-- testHardAssertion -->
  <testcase classname="com.WebTesting.TestNG.Basics.TestDemo4_disableTest" name="logoutTest" time="0.0">
    <ignored/>
  </testcase> <!-- logoutTest -->
</testsuite> <!-- Test -->
