<?xml version="1.0" encoding="UTF-8"?>
<testng-results ignored="1" total="2" passed="1" failed="0" skipped="0">
  <reporter-output>
  </reporter-output>
  <suite started-at="2025-08-11T15:52:37 IST" name="Default suite" finished-at="2025-08-11T15:52:39 IST" duration-ms="2000">
    <groups>
    </groups>
    <test started-at="2025-08-11T15:52:37 IST" name="Default test" finished-at="2025-08-11T15:52:39 IST" duration-ms="2000">
      <class name="com.WebTesting.TestNG.TestData.TestDataReadingUsingPropertiesFile2">
        <test-method signature="testLoginWithUtility()[pri:0, instance:com.WebTesting.TestNG.TestData.TestDataReadingUsingPropertiesFile2@2a7f1f10]" started-at="2025-08-11T15:52:37 IST" name="testLoginWithUtility" finished-at="2025-08-11T15:52:39 IST" duration-ms="1979" status="PASS">
          <reporter-output>
          </reporter-output>
        </test-method> <!-- testLoginWithUtility -->
      </class> <!-- com.WebTesting.TestNG.TestData.TestDataReadingUsingPropertiesFile2 -->
    </test> <!-- Default test -->
  </suite> <!-- Default suite -->
</testng-results>
